c:\users\ruffer-desktop\desktop\ct6025-reassessment\glfwopengl\debug\vc140.pdb
c:\users\ruffer-desktop\desktop\ct6025-reassessment\glfwopengl\debug\vc140.idb
c:\users\ruffer-desktop\desktop\ct6025-reassessment\glfwopengl\debug\glad.obj
c:\users\ruffer-desktop\desktop\ct6025-reassessment\glfwopengl\debug\main.obj
c:\users\ruffer-desktop\documents\tesr\glfwopengl\debug\vc140.pdb
c:\users\ruffer-desktop\documents\tesr\glfwopengl\debug\vc140.idb
c:\users\ruffer-desktop\documents\tesr\glfwopengl\debug\glad.obj
c:\users\ruffer-desktop\documents\tesr\glfwopengl\debug\main.obj
c:\users\ruffer-desktop\desktop\ct6025-reassessment\glfwopengl\debug\main4.obj
c:\users\ruffer-desktop\documents\tesr\debug\glfwopengl.ilk
c:\users\ruffer-desktop\documents\tesr\debug\glfwopengl.exe
c:\users\ruffer-desktop\documents\tesr\debug\glfwopengl.pdb
c:\users\ruffer-desktop\desktop\ct6025-reassessment\debug\glfwopengl.ilk
c:\users\ruffer-desktop\desktop\ct6025-reassessment\debug\glfwopengl.exe
c:\users\ruffer-desktop\desktop\ct6025-reassessment\debug\glfwopengl.pdb
c:\users\ruffer-desktop\desktop\ct6025-reassessment\glfwopengl\debug\glfwopengl.tlog\cl.command.1.tlog
c:\users\ruffer-desktop\desktop\ct6025-reassessment\glfwopengl\debug\glfwopengl.tlog\cl.read.1.tlog
c:\users\ruffer-desktop\desktop\ct6025-reassessment\glfwopengl\debug\glfwopengl.tlog\cl.write.1.tlog
c:\users\ruffer-desktop\desktop\ct6025-reassessment\glfwopengl\debug\glfwopengl.tlog\link.command.1.tlog
c:\users\ruffer-desktop\desktop\ct6025-reassessment\glfwopengl\debug\glfwopengl.tlog\link.read.1.tlog
c:\users\ruffer-desktop\desktop\ct6025-reassessment\glfwopengl\debug\glfwopengl.tlog\link.write.1.tlog
