  main.cpp
c:\users\ruffer-desktop\desktop\ct6025-reassessment\glfwopengl\include\shader.h(64): warning C4101: 'infoLog': unreferenced local variable
c:\users\ruffer-desktop\desktop\ct6025-reassessment\glfwopengl\include\shader.h(63): warning C4101: 'success': unreferenced local variable
c:\users\ruffer-desktop\desktop\ct6025-reassessment\glfwopengl\source\main.cpp(205): warning C4244: 'initializing': conversion from 'double' to 'float', possible loss of data
c:\users\ruffer-desktop\desktop\ct6025-reassessment\glfwopengl\source\main.cpp(213): warning C4244: '=': conversion from 'double' to 'float', possible loss of data
c:\users\ruffer-desktop\desktop\ct6025-reassessment\glfwopengl\source\main.cpp(397): warning C4305: 'argument': truncation from 'double' to 'float'
c:\users\ruffer-desktop\desktop\ct6025-reassessment\glfwopengl\source\main.cpp(398): warning C4305: 'argument': truncation from 'double' to 'float'
c:\users\ruffer-desktop\desktop\ct6025-reassessment\glfwopengl\source\main.cpp(405): warning C4305: 'argument': truncation from 'double' to 'float'
c:\users\ruffer-desktop\desktop\ct6025-reassessment\glfwopengl\source\main.cpp(406): warning C4305: 'argument': truncation from 'double' to 'float'
c:\users\ruffer-desktop\desktop\ct6025-reassessment\glfwopengl\source\main.cpp(413): warning C4305: 'argument': truncation from 'double' to 'float'
c:\users\ruffer-desktop\desktop\ct6025-reassessment\glfwopengl\source\main.cpp(414): warning C4305: 'argument': truncation from 'double' to 'float'
c:\users\ruffer-desktop\desktop\ct6025-reassessment\glfwopengl\source\main.cpp(421): warning C4305: 'argument': truncation from 'double' to 'float'
c:\users\ruffer-desktop\desktop\ct6025-reassessment\glfwopengl\source\main.cpp(422): warning C4305: 'argument': truncation from 'double' to 'float'
c:\users\ruffer-desktop\desktop\ct6025-reassessment\glfwopengl\source\main.cpp(431): warning C4305: 'argument': truncation from 'double' to 'float'
c:\users\ruffer-desktop\desktop\ct6025-reassessment\glfwopengl\source\main.cpp(447): warning C4305: 'argument': truncation from 'double' to 'float'
c:\users\ruffer-desktop\desktop\ct6025-reassessment\glfwopengl\source\main.cpp(500): warning C4244: '=': conversion from 'double' to 'float', possible loss of data
c:\users\ruffer-desktop\desktop\ct6025-reassessment\glfwopengl\source\main.cpp(501): warning C4244: '=': conversion from 'double' to 'float', possible loss of data
c:\users\ruffer-desktop\desktop\ct6025-reassessment\glfwopengl\source\main.cpp(507): warning C4244: 'initializing': conversion from 'double' to 'float', possible loss of data
c:\users\ruffer-desktop\desktop\ct6025-reassessment\glfwopengl\source\main.cpp(508): warning C4244: 'initializing': conversion from 'double' to 'float', possible loss of data
c:\users\ruffer-desktop\desktop\ct6025-reassessment\glfwopengl\source\main.cpp(510): warning C4244: '=': conversion from 'double' to 'float', possible loss of data
c:\users\ruffer-desktop\desktop\ct6025-reassessment\glfwopengl\source\main.cpp(511): warning C4244: '=': conversion from 'double' to 'float', possible loss of data
c:\users\ruffer-desktop\desktop\ct6025-reassessment\glfwopengl\source\main.cpp(518): warning C4244: 'argument': conversion from 'double' to 'float', possible loss of data
  GLFWopenGL.vcxproj -> C:\Users\Ruffer-Desktop\Desktop\CT6025-Reassessment\Debug\GLFWopenGL.exe
  GLFWopenGL.vcxproj -> C:\Users\Ruffer-Desktop\Desktop\CT6025-Reassessment\Debug\GLFWopenGL.pdb (Full PDB)
